\BOOKMARK [0][-]{chapter.1}{Introduction}{}% 1
\BOOKMARK [1][-]{section.1.1}{Problem description}{chapter.1}% 2
\BOOKMARK [1][-]{section.1.2}{Problem context}{chapter.1}% 3
\BOOKMARK [1][-]{section.1.3}{Structure of this thesis}{chapter.1}% 4
\BOOKMARK [0][-]{chapter.2}{Background}{}% 5
\BOOKMARK [1][-]{section.2.1}{The Internet Protocol Suite}{chapter.2}% 6
\BOOKMARK [1][-]{section.2.2}{Hardware Abstraction Layer}{chapter.2}% 7
\BOOKMARK [1][-]{section.2.3}{Link layer Encapsulation}{chapter.2}% 8
\BOOKMARK [1][-]{section.2.4}{Related work}{chapter.2}% 9
\BOOKMARK [2][-]{subsection.2.4.1}{Packets per second}{section.2.4}% 10
\BOOKMARK [2][-]{subsection.2.4.2}{Bits per second}{section.2.4}% 11
\BOOKMARK [2][-]{subsection.2.4.3}{Messages per second}{section.2.4}% 12
\BOOKMARK [0][-]{chapter.3}{Method}{}% 13
\BOOKMARK [0][-]{chapter.4}{Analysis}{}% 14
\BOOKMARK [0][-]{chapter.5}{Conclusions}{}% 15
\BOOKMARK [1][-]{section.5.1}{Conclusion}{chapter.5}% 16
\BOOKMARK [2][-]{subsection.5.1.1}{Goals}{section.5.1}% 17
\BOOKMARK [2][-]{subsection.5.1.2}{Insights and suggestions for further work}{section.5.1}% 18
\BOOKMARK [1][-]{section.5.2}{Future work}{chapter.5}% 19
\BOOKMARK [2][-]{subsection.5.2.1}{What has been left undone?}{section.5.2}% 20
\BOOKMARK [3][-]{subsubsection.5.2.1.1}{Cost analysis}{subsection.5.2.1}% 21
\BOOKMARK [3][-]{subsubsection.5.2.1.2}{Security}{subsection.5.2.1}% 22
\BOOKMARK [2][-]{subsection.5.2.2}{Next obvious things to be done}{section.5.2}% 23
\BOOKMARK [1][-]{section.5.3}{Required Reflections}{chapter.5}% 24
\BOOKMARK [0][-]{chapter*.9}{Bibliography}{}% 25
\BOOKMARK [0][-]{appendix.A}{Insensible Approximation}{}% 26
